c:\users\gnits\source\repos\teamproject\teamproject\debug\vc141.pdb
c:\users\gnits\source\repos\teamproject\teamproject\debug\vc141.idb
c:\users\gnits\source\repos\teamproject\teamproject\debug\texture.obj
c:\users\gnits\source\repos\teamproject\teamproject\debug\test.obj
c:\users\gnits\source\repos\teamproject\teamproject\debug\source.obj
c:\users\gnits\source\repos\teamproject\teamproject\debug\campus.obj
c:\users\gnits\source\repos\teamproject\teamproject\debug\keyandmouse.obj
c:\users\gnits\source\repos\teamproject\teamproject\debug\controls.obj
c:\users\gnits\source\repos\teamproject\teamproject\debug\camera.obj
c:\users\gnits\source\repos\teamproject\debug\teamproject.exe
c:\users\gnits\source\repos\teamproject\debug\teamproject.ilk
c:\users\gnits\source\repos\teamproject\debug\teamproject.pdb
c:\users\gnits\source\repos\teamproject\teamproject\debug\teamproject.tlog\cl.command.1.tlog
c:\users\gnits\source\repos\teamproject\teamproject\debug\teamproject.tlog\cl.read.1.tlog
c:\users\gnits\source\repos\teamproject\teamproject\debug\teamproject.tlog\cl.write.1.tlog
c:\users\gnits\source\repos\teamproject\teamproject\debug\teamproject.tlog\link-cvtres.read.1.tlog
c:\users\gnits\source\repos\teamproject\teamproject\debug\teamproject.tlog\link-cvtres.write.1.tlog
c:\users\gnits\source\repos\teamproject\teamproject\debug\teamproject.tlog\link-rc.read.1.tlog
c:\users\gnits\source\repos\teamproject\teamproject\debug\teamproject.tlog\link-rc.write.1.tlog
c:\users\gnits\source\repos\teamproject\teamproject\debug\teamproject.tlog\link.13928-cvtres.read.1.tlog
c:\users\gnits\source\repos\teamproject\teamproject\debug\teamproject.tlog\link.13928-cvtres.write.1.tlog
c:\users\gnits\source\repos\teamproject\teamproject\debug\teamproject.tlog\link.13928-rc.read.1.tlog
c:\users\gnits\source\repos\teamproject\teamproject\debug\teamproject.tlog\link.13928-rc.write.1.tlog
c:\users\gnits\source\repos\teamproject\teamproject\debug\teamproject.tlog\link.13928.read.1.tlog
c:\users\gnits\source\repos\teamproject\teamproject\debug\teamproject.tlog\link.13928.write.1.tlog
c:\users\gnits\source\repos\teamproject\teamproject\debug\teamproject.tlog\link.command.1.tlog
c:\users\gnits\source\repos\teamproject\teamproject\debug\teamproject.tlog\link.read.1.tlog
c:\users\gnits\source\repos\teamproject\teamproject\debug\teamproject.tlog\link.write.1.tlog
